#
# There is insufficient memory for the Java Runtime Environment to continue.
# Native memory allocation (malloc) failed to allocate 85983232 bytes for committing reserved memory.
# Possible reasons:
#   The system is out of physical RAM or swap space
#   In 32 bit mode, the process size limit was hit
# Possible solutions:
#   Reduce memory load on the system
#   Increase physical memory or swap space
#   Check if swap backing store is full
#   Use 64 bit Java on a 64 bit OS
#   Decrease Java heap size (-Xmx/-Xms)
#   Decrease number of Java threads
#   Decrease Java thread stack sizes (-Xss)
#   Set larger code cache with -XX:ReservedCodeCacheSize=
# This output file may be truncated or incomplete.
#
#  Out of Memory Error (os_linux.cpp:2769), pid=15670, tid=140227333740288
#
# JRE version:  (7.0_55-b14) (build )
# Java VM: OpenJDK 64-Bit Server VM (24.51-b03 mixed mode linux-amd64 compressed oops)
# Failed to write core dump. Core dumps have been disabled. To enable core dumping, try "ulimit -c unlimited" before starting Java again
#

---------------  T H R E A D  ---------------

Current thread (0x00007f893000a000):  JavaThread "Unknown thread" [_thread_in_vm, id=15678, stack(0x00007f89385a5000,0x00007f89386a6000)]

Stack: [0x00007f89385a5000,0x00007f89386a6000],  sp=0x00007f89386a4570,  free space=1021k
Native frames: (J=compiled Java code, j=interpreted, Vv=VM code, C=native code)
V  [libjvm.so+0x94e1d7]  VMError::report_and_die()+0x177
V  [libjvm.so+0x46c757]  report_vm_out_of_memory(char const*, int, unsigned long, char const*)+0x67
V  [libjvm.so+0x7c4de3]  os::pd_commit_memory(char*, unsigned long, unsigned long, bool)+0x223
V  [libjvm.so+0x7bf78f]  os::commit_memory(char*, unsigned long, unsigned long, bool)+0x1f
V  [libjvm.so+0x832b1b]  PSVirtualSpace::expand_by(unsigned long)+0x5b
V  [libjvm.so+0x82123c]  PSOldGen::initialize(ReservedSpace, unsigned long, char const*, int)+0x9c
V  [libjvm.so+0x28107d]  AdjoiningGenerations::AdjoiningGenerations(ReservedSpace, unsigned long, unsigned long, unsigned long, unsigned long, unsigned long, unsigned long, unsigned long)+0x33d
V  [libjvm.so+0x7e48ad]  ParallelScavengeHeap::initialize()+0x60d
V  [libjvm.so+0x918f77]  Universe::initialize_heap()+0xc7
V  [libjvm.so+0x9192b7]  universe_init()+0x67
V  [libjvm.so+0x58a3a0]  init_globals()+0x50
V  [libjvm.so+0x8f9c6f]  Threads::create_vm(JavaVMInitArgs*, bool*)+0x34f
V  [libjvm.so+0x5f2deb]  JNI_CreateJavaVM+0x5b
C  [libjli.so+0x2b0f]  __strcat_chk+0x2b0f


---------------  P R O C E S S  ---------------

Java Threads: ( => current thread )

Other Threads:

=>0x00007f893000a000 (exited) JavaThread "Unknown thread" [_thread_in_vm, id=15678, stack(0x00007f89385a5000,0x00007f89386a6000)]

VM state:not at safepoint (not fully initialized)

VM Mutex/Monitor currently owned by a thread: None

GC Heap History (0 events):
No events

Deoptimization events (0 events):
No events

Internal exceptions (0 events):
No events

Events (0 events):
No events


Dynamic libraries:
00400000-00401000 r-xp 00000000 08:05 11535316                           /usr/lib/jvm/java-7-openjdk-amd64/jre/bin/java
00600000-00601000 r--p 00000000 08:05 11535316                           /usr/lib/jvm/java-7-openjdk-amd64/jre/bin/java
00601000-00602000 rw-p 00001000 08:05 11535316                           /usr/lib/jvm/java-7-openjdk-amd64/jre/bin/java
01e84000-01ea5000 rw-p 00000000 00:00 0                                  [heap]
b5a00000-c0000000 rw-p 00000000 00:00 0 
c5200000-eaa80000 rw-p 00000000 00:00 0 
eaa80000-ed400000 rw-p 00000000 00:00 0 
ed400000-100000000 rw-p 00000000 00:00 0 
7f88efc4e000-7f88efdac000 rw-p 00000000 00:00 0 
7f88efdac000-7f88eff54000 rw-p 00000000 00:00 0 
7f88eff54000-7f88eff69000 rw-p 00000000 00:00 0 
7f88eff69000-7f88effff000 rw-p 00000000 00:00 0 
7f88effff000-7f88f0000000 rw-p 00000000 00:00 0 
7f88f0000000-7f88f0270000 rwxp 00000000 00:00 0 
7f88f0270000-7f8930023000 rw-p 00000000 00:00 0 
7f8930023000-7f8934000000 ---p 00000000 00:00 0 
7f8934143000-7f8934225000 rw-p 00000000 00:00 0 
7f8934225000-7f893521b000 rw-p 00000000 00:00 0 
7f893521b000-7f8935223000 r-xp 00000000 08:05 11535365                   /usr/lib/jvm/java-7-openjdk-amd64/jre/lib/amd64/libzip.so
7f8935223000-7f8935422000 ---p 00008000 08:05 11535365                   /usr/lib/jvm/java-7-openjdk-amd64/jre/lib/amd64/libzip.so
7f8935422000-7f8935423000 r--p 00007000 08:05 11535365                   /usr/lib/jvm/java-7-openjdk-amd64/jre/lib/amd64/libzip.so
7f8935423000-7f8935424000 rw-p 00008000 08:05 11535365                   /usr/lib/jvm/java-7-openjdk-amd64/jre/lib/amd64/libzip.so
7f8935424000-7f893542f000 r-xp 00000000 08:05 12452744                   /lib/x86_64-linux-gnu/libnss_files-2.19.so
7f893542f000-7f893562e000 ---p 0000b000 08:05 12452744                   /lib/x86_64-linux-gnu/libnss_files-2.19.so
7f893562e000-7f893562f000 r--p 0000a000 08:05 12452744                   /lib/x86_64-linux-gnu/libnss_files-2.19.so
7f893562f000-7f8935630000 rw-p 0000b000 08:05 12452744                   /lib/x86_64-linux-gnu/libnss_files-2.19.so
7f8935630000-7f893563a000 r-xp 00000000 08:05 12452761                   /lib/x86_64-linux-gnu/libnss_nis-2.19.so
7f893563a000-7f8935839000 ---p 0000a000 08:05 12452761                   /lib/x86_64-linux-gnu/libnss_nis-2.19.so
7f8935839000-7f893583a000 r--p 00009000 08:05 12452761                   /lib/x86_64-linux-gnu/libnss_nis-2.19.so
7f893583a000-7f893583b000 rw-p 0000a000 08:05 12452761                   /lib/x86_64-linux-gnu/libnss_nis-2.19.so
7f893583b000-7f8935850000 r-xp 00000000 08:05 12452756                   /lib/x86_64-linux-gnu/libnsl-2.19.so
7f8935850000-7f8935a4f000 ---p 00015000 08:05 12452756                   /lib/x86_64-linux-gnu/libnsl-2.19.so
7f8935a4f000-7f8935a50000 r--p 00014000 08:05 12452756                   /lib/x86_64-linux-gnu/libnsl-2.19.so
7f8935a50000-7f8935a51000 rw-p 00015000 08:05 12452756                   /lib/x86_64-linux-gnu/libnsl-2.19.so
7f8935a51000-7f8935a53000 rw-p 00000000 00:00 0 
7f8935a53000-7f8935a5a000 r-xp 00000000 08:05 12452754                   /lib/x86_64-linux-gnu/libnss_compat-2.19.so
7f8935a5a000-7f8935c59000 ---p 00007000 08:05 12452754                   /lib/x86_64-linux-gnu/libnss_compat-2.19.so
7f8935c59000-7f8935c5a000 r--p 00006000 08:05 12452754                   /lib/x86_64-linux-gnu/libnss_compat-2.19.so
7f8935c5a000-7f8935c5b000 rw-p 00007000 08:05 12452754                   /lib/x86_64-linux-gnu/libnss_compat-2.19.so
7f8935c5b000-7f8935c87000 r-xp 00000000 08:05 11535371                   /usr/lib/jvm/java-7-openjdk-amd64/jre/lib/amd64/libjava.so
7f8935c87000-7f8935e86000 ---p 0002c000 08:05 11535371                   /usr/lib/jvm/java-7-openjdk-amd64/jre/lib/amd64/libjava.so
7f8935e86000-7f8935e87000 r--p 0002b000 08:05 11535371                   /usr/lib/jvm/java-7-openjdk-amd64/jre/lib/amd64/libjava.so
7f8935e87000-7f8935e89000 rw-p 0002c000 08:05 11535371                   /usr/lib/jvm/java-7-openjdk-amd64/jre/lib/amd64/libjava.so
7f8935e89000-7f8935e9a000 r-xp 00000000 08:05 11535354                   /usr/lib/jvm/java-7-openjdk-amd64/jre/lib/amd64/libverify.so
7f8935e9a000-7f8936099000 ---p 00011000 08:05 11535354                   /usr/lib/jvm/java-7-openjdk-amd64/jre/lib/amd64/libverify.so
7f8936099000-7f893609b000 r--p 00010000 08:05 11535354                   /usr/lib/jvm/java-7-openjdk-amd64/jre/lib/amd64/libverify.so
7f893609b000-7f893609c000 rw-p 00012000 08:05 11535354                   /usr/lib/jvm/java-7-openjdk-amd64/jre/lib/amd64/libverify.so
7f893609c000-7f89360a3000 r-xp 00000000 08:05 12452734                   /lib/x86_64-linux-gnu/librt-2.19.so
7f89360a3000-7f89362a2000 ---p 00007000 08:05 12452734                   /lib/x86_64-linux-gnu/librt-2.19.so
7f89362a2000-7f89362a3000 r--p 00006000 08:05 12452734                   /lib/x86_64-linux-gnu/librt-2.19.so
7f89362a3000-7f89362a4000 rw-p 00007000 08:05 12452734                   /lib/x86_64-linux-gnu/librt-2.19.so
7f89362a4000-7f89362ba000 r-xp 00000000 08:05 12452415                   /lib/x86_64-linux-gnu/libgcc_s.so.1
7f89362ba000-7f89364b9000 ---p 00016000 08:05 12452415                   /lib/x86_64-linux-gnu/libgcc_s.so.1
7f89364b9000-7f89364ba000 rw-p 00015000 08:05 12452415                   /lib/x86_64-linux-gnu/libgcc_s.so.1
7f89364ba000-7f89365ba000 r-xp 00000000 08:05 12452730                   /lib/x86_64-linux-gnu/libm-2.19.so
7f89365ba000-7f89367b9000 ---p 00100000 08:05 12452730                   /lib/x86_64-linux-gnu/libm-2.19.so
7f89367b9000-7f89367ba000 r--p 000ff000 08:05 12452730                   /lib/x86_64-linux-gnu/libm-2.19.so
7f89367ba000-7f89367bb000 rw-p 00100000 08:05 12452730                   /lib/x86_64-linux-gnu/libm-2.19.so
7f89367bb000-7f89368a7000 r-xp 00000000 08:05 10879447                   /usr/lib/x86_64-linux-gnu/libstdc++.so.6.0.20
7f89368a7000-7f8936aa7000 ---p 000ec000 08:05 10879447                   /usr/lib/x86_64-linux-gnu/libstdc++.so.6.0.20
7f8936aa7000-7f8936aaf000 r--p 000ec000 08:05 10879447                   /usr/lib/x86_64-linux-gnu/libstdc++.so.6.0.20
7f8936aaf000-7f8936ab1000 rw-p 000f4000 08:05 10879447                   /usr/lib/x86_64-linux-gnu/libstdc++.so.6.0.20
7f8936ab1000-7f8936ac6000 rw-p 00000000 00:00 0 
7f8936ac6000-7f89375e2000 r-xp 00000000 08:05 11535376                   /usr/lib/jvm/java-7-openjdk-amd64/jre/lib/amd64/server/libjvm.so
7f89375e2000-7f89377e1000 ---p 00b1c000 08:05 11535376                   /usr/lib/jvm/java-7-openjdk-amd64/jre/lib/amd64/server/libjvm.so
7f89377e1000-7f893787f000 r--p 00b1b000 08:05 11535376                   /usr/lib/jvm/java-7-openjdk-amd64/jre/lib/amd64/server/libjvm.so
7f893787f000-7f89378a2000 rw-p 00bb9000 08:05 11535376                   /usr/lib/jvm/java-7-openjdk-amd64/jre/lib/amd64/server/libjvm.so
7f89378a2000-7f89378ce000 rw-p 00000000 00:00 0 
7f89378ce000-7f89378e5000 r-xp 00000000 08:05 12454592                   /lib/x86_64-linux-gnu/libz.so.1.2.8
7f89378e5000-7f8937ae4000 ---p 00017000 08:05 12454592                   /lib/x86_64-linux-gnu/libz.so.1.2.8
7f8937ae4000-7f8937ae5000 r--p 00016000 08:05 12454592                   /lib/x86_64-linux-gnu/libz.so.1.2.8
7f8937ae5000-7f8937ae6000 rw-p 00017000 08:05 12454592                   /lib/x86_64-linux-gnu/libz.so.1.2.8
7f8937ae6000-7f8937c85000 r-xp 00000000 08:05 12452740                   /lib/x86_64-linux-gnu/libc-2.19.so
7f8937c85000-7f8937e85000 ---p 0019f000 08:05 12452740                   /lib/x86_64-linux-gnu/libc-2.19.so
7f8937e85000-7f8937e89000 r--p 0019f000 08:05 12452740                   /lib/x86_64-linux-gnu/libc-2.19.so
7f8937e89000-7f8937e8b000 rw-p 001a3000 08:05 12452740                   /lib/x86_64-linux-gnu/libc-2.19.so
7f8937e8b000-7f8937e8f000 rw-p 00000000 00:00 0 
7f8937e8f000-7f8937e92000 r-xp 00000000 08:05 12452414                   /lib/x86_64-linux-gnu/libdl-2.19.so
7f8937e92000-7f8938091000 ---p 00003000 08:05 12452414                   /lib/x86_64-linux-gnu/libdl-2.19.so
7f8938091000-7f8938092000 r--p 00002000 08:05 12452414                   /lib/x86_64-linux-gnu/libdl-2.19.so
7f8938092000-7f8938093000 rw-p 00003000 08:05 12452414                   /lib/x86_64-linux-gnu/libdl-2.19.so
7f8938093000-7f89380a0000 r-xp 00000000 08:05 11535408                   /usr/lib/jvm/java-7-openjdk-amd64/jre/lib/amd64/jli/libjli.so
7f89380a0000-7f893829f000 ---p 0000d000 08:05 11535408                   /usr/lib/jvm/java-7-openjdk-amd64/jre/lib/amd64/jli/libjli.so
7f893829f000-7f89382a0000 r--p 0000c000 08:05 11535408                   /usr/lib/jvm/java-7-openjdk-amd64/jre/lib/amd64/jli/libjli.so
7f89382a0000-7f89382a1000 rw-p 0000d000 08:05 11535408                   /usr/lib/jvm/java-7-openjdk-amd64/jre/lib/amd64/jli/libjli.so
7f89382a1000-7f89382b9000 r-xp 00000000 08:05 12452716                   /lib/x86_64-linux-gnu/libpthread-2.19.so
7f89382b9000-7f89384b8000 ---p 00018000 08:05 12452716                   /lib/x86_64-linux-gnu/libpthread-2.19.so
7f89384b8000-7f89384b9000 r--p 00017000 08:05 12452716                   /lib/x86_64-linux-gnu/libpthread-2.19.so
7f89384b9000-7f89384ba000 rw-p 00018000 08:05 12452716                   /lib/x86_64-linux-gnu/libpthread-2.19.so
7f89384ba000-7f89384be000 rw-p 00000000 00:00 0 
7f89384be000-7f89384de000 r-xp 00000000 08:05 12452752                   /lib/x86_64-linux-gnu/ld-2.19.so
7f89385a5000-7f89385a8000 ---p 00000000 00:00 0 
7f89385a8000-7f89386ab000 rw-p 00000000 00:00 0                          [stack:15678]
7f89386d0000-7f89386d2000 rw-p 00000000 00:00 0 
7f89386d2000-7f89386da000 rw-s 00000000 00:13 7987718                    /tmp/hsperfdata_christian/15670
7f89386da000-7f89386db000 rw-p 00000000 00:00 0 
7f89386db000-7f89386dc000 r--p 00000000 00:00 0 
7f89386dc000-7f89386de000 rw-p 00000000 00:00 0 
7f89386de000-7f89386df000 r--p 00020000 08:05 12452752                   /lib/x86_64-linux-gnu/ld-2.19.so
7f89386df000-7f89386e0000 rw-p 00021000 08:05 12452752                   /lib/x86_64-linux-gnu/ld-2.19.so
7f89386e0000-7f89386e1000 rw-p 00000000 00:00 0 
7fff5ea5d000-7fff5ea7f000 rw-p 00000000 00:00 0                          [stack]
7fff5eb2c000-7fff5eb2e000 r-xp 00000000 00:00 0                          [vdso]
ffffffffff600000-ffffffffff601000 r-xp 00000000 00:00 0                  [vsyscall]

VM Arguments:
jvm_args: -Xmx2048m -XX:ReservedCodeCacheSize=1024m -Xmx1024M 
java_command: /home/christian/bin/android-sdk/sdk/build-tools/19.1.0/lib/dx.jar --dex --output /home/christian/OWN/programmierung/javascript/TibetanDictionary/_build/mobile/tibetandict/platforms/android/ant-build/classes.dex /home/christian/OWN/programmierung/javascript/TibetanDictionary/_build/mobile/tibetandict/platforms/android/ant-build/classes /home/christian/OWN/programmierung/javascript/TibetanDictionary/_build/mobile/tibetandict/platforms/android/ant-build/dexedLibs/classes-90765ac6424ebde8af76c60bf17b80de.jar
Launcher Type: SUN_STANDARD

Environment Variables:
JAVA_TOOL_OPTIONS=-Xmx2048m -XX:ReservedCodeCacheSize=1024m
PATH=/home/christian/bin/sencha_cmd/Sencha/Cmd/3.1.1.274:/home/christian/bin/sencha_cmd/Sencha/Cmd/3.1.1.274:/home/christian/bin/sencha_cmd/Sencha/Cmd/3.1.1.274:/home/christian/bin:/usr/local/bin:/usr/bin:/bin:/usr/local/games:/usr/games:/home/christian/bin:/home/christian/bin/android-sdk/sdk/tools:/home/christian/bin/android-sdk/sdk/platform-tools/
SHELL=/bin/bash
DISPLAY=:0

Signal Handlers:
SIGSEGV: [libjvm.so+0x94ec80], sa_mask[0]=0x7ffbfeff, sa_flags=0x10000004
SIGBUS: [libjvm.so+0x94ec80], sa_mask[0]=0x7ffbfeff, sa_flags=0x10000004
SIGFPE: [libjvm.so+0x7c04a0], sa_mask[0]=0x7ffbfeff, sa_flags=0x10000004
SIGPIPE: [libjvm.so+0x7c04a0], sa_mask[0]=0x7ffbfeff, sa_flags=0x10000004
SIGXFSZ: [libjvm.so+0x7c04a0], sa_mask[0]=0x7ffbfeff, sa_flags=0x10000004
SIGILL: [libjvm.so+0x7c04a0], sa_mask[0]=0x7ffbfeff, sa_flags=0x10000004
SIGUSR1: SIG_DFL, sa_mask[0]=0x00000000, sa_flags=0x00000000
SIGUSR2: [libjvm.so+0x7c0340], sa_mask[0]=0x00000004, sa_flags=0x10000004
SIGHUP: SIG_DFL, sa_mask[0]=0x00000000, sa_flags=0x00000000
SIGINT: SIG_DFL, sa_mask[0]=0x00000000, sa_flags=0x00000000
SIGTERM: SIG_DFL, sa_mask[0]=0x00000000, sa_flags=0x00000000
SIGQUIT: SIG_DFL, sa_mask[0]=0x00000000, sa_flags=0x00000000


---------------  S Y S T E M  ---------------

OS:jessie/sid

uname:Linux 3.14-1-amd64 #1 SMP Debian 3.14.7-1 (2014-06-16) x86_64
libc:glibc 2.19 NPTL 2.19 
rlimit: STACK 8192k, CORE 0k, NPROC 63138, NOFILE 4096, AS infinity
load average:2.57 3.52 4.53

/proc/meminfo:
MemTotal:        8099932 kB
MemFree:          142036 kB
MemAvailable:      91020 kB
Buffers:            1828 kB
Cached:          2759428 kB
SwapCached:            0 kB
Active:          3331412 kB
Inactive:        2092772 kB
Active(anon):    3321468 kB
Inactive(anon):  2071248 kB
Active(file):       9944 kB
Inactive(file):    21524 kB
Unevictable:       37716 kB
Mlocked:           37716 kB
SwapTotal:             0 kB
SwapFree:              0 kB
Dirty:               300 kB
Writeback:             0 kB
AnonPages:       2701596 kB
Mapped:          2366780 kB
Shmem:           2725460 kB
Slab:             107084 kB
SReclaimable:      35440 kB
SUnreclaim:        71644 kB
KernelStack:        6648 kB
PageTables:        77804 kB
NFS_Unstable:          0 kB
Bounce:                0 kB
WritebackTmp:          0 kB
CommitLimit:     4049964 kB
Committed_AS:   12741656 kB
VmallocTotal:   34359738367 kB
VmallocUsed:      371592 kB
VmallocChunk:   34359358844 kB
HardwareCorrupted:     0 kB
AnonHugePages:         0 kB
HugePages_Total:       0
HugePages_Free:        0
HugePages_Rsvd:        0
HugePages_Surp:        0
Hugepagesize:       2048 kB
DirectMap4k:      113088 kB
DirectMap2M:     8179712 kB


CPU:total 4 (2 cores per cpu, 2 threads per core) family 6 model 42 stepping 7, cmov, cx8, fxsr, mmx, sse, sse2, sse3, ssse3, sse4.1, sse4.2, popcnt, avx, aes, ht, tsc, tscinvbit

/proc/cpuinfo:
processor	: 0
vendor_id	: GenuineIntel
cpu family	: 6
model		: 42
model name	: Intel(R) Core(TM) i5-2450M CPU @ 2.50GHz
stepping	: 7
microcode	: 0x29
cpu MHz		: 2500.000
cache size	: 3072 KB
physical id	: 0
siblings	: 4
core id		: 0
cpu cores	: 2
apicid		: 0
initial apicid	: 0
fpu		: yes
fpu_exception	: yes
cpuid level	: 13
wp		: yes
flags		: fpu vme de pse tsc msr pae mce cx8 apic sep mtrr pge mca cmov pat pse36 clflush dts acpi mmx fxsr sse sse2 ss ht tm pbe syscall nx rdtscp lm constant_tsc arch_perfmon pebs bts rep_good nopl xtopology nonstop_tsc aperfmperf eagerfpu pni pclmulqdq dtes64 monitor ds_cpl vmx est tm2 ssse3 cx16 xtpr pdcm pcid sse4_1 sse4_2 x2apic popcnt tsc_deadline_timer aes xsave avx lahf_lm ida arat epb xsaveopt pln pts dtherm tpr_shadow vnmi flexpriority ept vpid
bogomips	: 4988.99
clflush size	: 64
cache_alignment	: 64
address sizes	: 36 bits physical, 48 bits virtual
power management:

processor	: 1
vendor_id	: GenuineIntel
cpu family	: 6
model		: 42
model name	: Intel(R) Core(TM) i5-2450M CPU @ 2.50GHz
stepping	: 7
microcode	: 0x29
cpu MHz		: 2500.000
cache size	: 3072 KB
physical id	: 0
siblings	: 4
core id		: 1
cpu cores	: 2
apicid		: 2
initial apicid	: 2
fpu		: yes
fpu_exception	: yes
cpuid level	: 13
wp		: yes
flags		: fpu vme de pse tsc msr pae mce cx8 apic sep mtrr pge mca cmov pat pse36 clflush dts acpi mmx fxsr sse sse2 ss ht tm pbe syscall nx rdtscp lm constant_tsc arch_perfmon pebs bts rep_good nopl xtopology nonstop_tsc aperfmperf eagerfpu pni pclmulqdq dtes64 monitor ds_cpl vmx est tm2 ssse3 cx16 xtpr pdcm pcid sse4_1 sse4_2 x2apic popcnt tsc_deadline_timer aes xsave avx lahf_lm ida arat epb xsaveopt pln pts dtherm tpr_shadow vnmi flexpriority ept vpid
bogomips	: 4988.99
clflush size	: 64
cache_alignment	: 64
address sizes	: 36 bits physical, 48 bits virtual
power management:

processor	: 2
vendor_id	: GenuineIntel
cpu family	: 6
model		: 42
model name	: Intel(R) Core(TM) i5-2450M CPU @ 2.50GHz
stepping	: 7
microcode	: 0x29
cpu MHz		: 2500.000
cache size	: 3072 KB
physical id	: 0
siblings	: 4
core id		: 0
cpu cores	: 2
apicid		: 1
initial apicid	: 1
fpu		: yes
fpu_exception	: yes
cpuid level	: 13
wp		: yes
flags		: fpu vme de pse tsc msr pae mce cx8 apic sep mtrr pge mca cmov pat pse36 clflush dts acpi mmx fxsr sse sse2 ss ht tm pbe syscall nx rdtscp lm constant_tsc arch_perfmon pebs bts rep_good nopl xtopology nonstop_tsc aperfmperf eagerfpu pni pclmulqdq dtes64 monitor ds_cpl vmx est tm2 ssse3 cx16 xtpr pdcm pcid sse4_1 sse4_2 x2apic popcnt tsc_deadline_timer aes xsave avx lahf_lm ida arat epb xsaveopt pln pts dtherm tpr_shadow vnmi flexpriority ept vpid
bogomips	: 4988.99
clflush size	: 64
cache_alignment	: 64
address sizes	: 36 bits physical, 48 bits virtual
power management:

processor	: 3
vendor_id	: GenuineIntel
cpu family	: 6
model		: 42
model name	: Intel(R) Core(TM) i5-2450M CPU @ 2.50GHz
stepping	: 7
microcode	: 0x29
cpu MHz		: 2499.902
cache size	: 3072 KB
physical id	: 0
siblings	: 4
core id		: 1
cpu cores	: 2
apicid		: 3
initial apicid	: 3
fpu		: yes
fpu_exception	: yes
cpuid level	: 13
wp		: yes
flags		: fpu vme de pse tsc msr pae mce cx8 apic sep mtrr pge mca cmov pat pse36 clflush dts acpi mmx fxsr sse sse2 ss ht tm pbe syscall nx rdtscp lm constant_tsc arch_perfmon pebs bts rep_good nopl xtopology nonstop_tsc aperfmperf eagerfpu pni pclmulqdq dtes64 monitor ds_cpl vmx est tm2 ssse3 cx16 xtpr pdcm pcid sse4_1 sse4_2 x2apic popcnt tsc_deadline_timer aes xsave avx lahf_lm ida arat epb xsaveopt pln pts dtherm tpr_shadow vnmi flexpriority ept vpid
bogomips	: 4988.99
clflush size	: 64
cache_alignment	: 64
address sizes	: 36 bits physical, 48 bits virtual
power management:



Memory: 4k page, physical 8099932k(141788k free), swap 0k(0k free)

vm_info: OpenJDK 64-Bit Server VM (24.51-b03) for linux-amd64 JRE (1.7.0_55-b14), built on May 16 2014 17:28:39 by "doko" with gcc 4.9.0

time: Sun Jul  6 17:56:54 2014
elapsed time: 0 seconds

